hw1.cc:19:5: error: ‘bitset’ does not name a type
   19 |     bitset<64> boxPos;
      |     ^~~~~~
hw1.cc:265:49: error: ‘list’ has not been declared
  265 |         void get_available_actions(State state, list<Action>* action_list){
      |                                                 ^~~~
hw1.cc:265:53: error: expected ‘,’ or ‘...’ before ‘<’ token
  265 |         void get_available_actions(State state, list<Action>* action_list){
      |                                                     ^
hw1.cc:292:62: error: ‘list’ has not been declared
  292 |         void add_local_action(char* renderedMap, Pos curPos, list<Action>* action_list){
      |                                                              ^~~~
hw1.cc:292:66: error: expected ‘,’ or ‘...’ before ‘<’ token
  292 |         void add_local_action(char* renderedMap, Pos curPos, list<Action>* action_list){
      |                                                                  ^
hw1.cc:472:29: error: ‘unordered_map’ has not been declared
  472 |         bool is_pos_visited(unordered_map<Pos, bool> *vistedPos, Pos pos){
      |                             ^~~~~~~~~~~~~
hw1.cc:472:42: error: expected ‘,’ or ‘...’ before ‘<’ token
  472 |         bool is_pos_visited(unordered_map<Pos, bool> *vistedPos, Pos pos){
      |                                          ^
hw1.cc:478:21: error: ‘unordered_map’ has not been declared
  478 |                     unordered_map<Pos, bool> *vistedPos, queue<Pos> *nextPosQueue){
      |                     ^~~~~~~~~~~~~
hw1.cc:478:34: error: expected ‘,’ or ‘...’ before ‘<’ token
  478 |                     unordered_map<Pos, bool> *vistedPos, queue<Pos> *nextPosQueue){
      |                                  ^
hw1.cc:518:47: error: ‘bitset’ has not been declared
  518 |         void render_boxPos(char *renderedMap, bitset<64> boxPos){
      |                                               ^~~~~~
hw1.cc:518:53: error: expected ‘,’ or ‘...’ before ‘<’ token
  518 |         void render_boxPos(char *renderedMap, bitset<64> boxPos){
      |                                                     ^
hw1.cc: In member function ‘void Map::print_map_state()’:
hw1.cc:79:34: error: ‘struct State’ has no member named ‘boxPos’
   79 |                         if(state.boxPos[offset++] == 1){
      |                                  ^~~~~~
hw1.cc:87:34: error: ‘struct State’ has no member named ‘boxPos’
   87 |                         if(state.boxPos[offset++] == 1){
      |                                  ^~~~~~
hw1.cc: In member function ‘void Map::_read_state(char*)’:
hw1.cc:201:19: error: ‘struct State’ has no member named ‘boxPos’
  201 |             state.boxPos = 0b0;
      |                   ^~~~~~
hw1.cc:216:31: error: ‘struct State’ has no member named ‘boxPos’
  216 |                         state.boxPos.reset(size_t(offset++));
      |                               ^~~~~~
hw1.cc:219:31: error: ‘struct State’ has no member named ‘boxPos’
  219 |                         state.boxPos.set(size_t(offset++), true);
      |                               ^~~~~~
hw1.cc:222:31: error: ‘struct State’ has no member named ‘boxPos’
  222 |                         state.boxPos.reset(size_t(offset++));
      |                               ^~~~~~
hw1.cc: In member function ‘bool Map::is_done(State)’:
hw1.cc:261:9: warning: no return statement in function returning non-void [-Wreturn-type]
  261 |         }
      |         ^
hw1.cc: In member function ‘void Map::get_available_actions(State, int)’:
hw1.cc:269:46: error: ‘struct State’ has no member named ‘boxPos’
  269 |             render_boxPos(renderedMap, state.boxPos);
      |                                              ^~~~~~
hw1.cc:271:13: error: ‘queue’ was not declared in this scope; did you mean ‘std::queue’?
  271 |             queue<Pos> nextPosQueue;
      |             ^~~~~
      |             std::queue
In file included from /usr/include/c++/12.2.1/queue:64,
                 from hw1.cc:11:
/usr/include/c++/12.2.1/bits/stl_queue.h:96:11: note: ‘std::queue’ declared here
   96 |     class queue
      |           ^~~~~
hw1.cc:271:22: error: expected primary-expression before ‘>’ token
  271 |             queue<Pos> nextPosQueue;
      |                      ^
hw1.cc:271:24: error: ‘nextPosQueue’ was not declared in this scope
  271 |             queue<Pos> nextPosQueue;
      |                        ^~~~~~~~~~~~
hw1.cc:272:13: error: ‘unordered_map’ was not declared in this scope
  272 |             unordered_map<Pos, bool> vistedPos;
      |             ^~~~~~~~~~~~~
hw1.cc:272:13: note: suggested alternatives:
In file included from /usr/include/c++/12.2.1/unordered_map:47,
                 from hw1.cc:12:
/usr/include/c++/12.2.1/bits/unordered_map.h:102:11: note:   ‘std::unordered_map’
  102 |     class unordered_map
      |           ^~~~~~~~~~~~~
/usr/include/c++/12.2.1/unordered_map:64:13: note:   ‘std::pmr::unordered_map’
   64 |       using unordered_map
      |             ^~~~~~~~~~~~~
hw1.cc:272:30: error: expected primary-expression before ‘,’ token
  272 |             unordered_map<Pos, bool> vistedPos;
      |                              ^
hw1.cc:272:32: error: expected primary-expression before ‘bool’
  272 |             unordered_map<Pos, bool> vistedPos;
      |                                ^~~~
hw1.cc:282:17: error: ‘vistedPos’ was not declared in this scope
  282 |                 vistedPos[curPos] = true;
      |                 ^~~~~~~~~
hw1.cc:284:56: error: ‘action_list’ was not declared in this scope
  284 |                 add_local_action(renderedMap, curPos, &action_list);
      |                                                        ^~~~~~~~~~~
hw1.cc: In member function ‘void Map::add_local_action(char*, Pos, int)’:
hw1.cc:314:69: error: ‘action_list’ was not declared in this scope
  314 |                         if(!willbe_dead_state(renderedMap, action)) action_list->push_back(action);
      |                                                                     ^~~~~~~~~~~
hw1.cc: In member function ‘bool Map::willbe_dead_state(char*, Action)’:
hw1.cc:329:44: error: cannot convert ‘char*’ to ‘Pos’
  329 |             else if(is_pushPos_unreachable(renderedMap, x_pos)){return true;}
      |                                            ^~~~~~~~~~~
      |                                            |
      |                                            char*
hw1.cc:421:41: note:   initializing argument 1 of ‘void Map::is_pushPos_unreachable(Pos, Pos)’
  421 |         void is_pushPos_unreachable(Pos o_pos, Pos x_pos){
      |                                     ~~~~^~~~~
hw1.cc: In member function ‘bool Map::is_dead_corner(char*, Pos)’:
hw1.cc:349:29: error: invalid conversion from ‘int’ to ‘Dir’ [-fpermissive]
  349 |                 move(x_pos, dir1, &probe_pos1);
      |                             ^~~~
      |                             |
      |                             int
hw1.cc:495:35: note:   initializing argument 2 of ‘void Map::move(Pos, Dir, Pos*)’
  495 |         void move(Pos curPos, Dir dir, Pos *nextPos){
      |                               ~~~~^~~
hw1.cc:352:29: error: invalid conversion from ‘int’ to ‘Dir’ [-fpermissive]
  352 |                 move(x_pos, dir2, &probe_pos2);
      |                             ^~~~
      |                             |
      |                             int
hw1.cc:495:35: note:   initializing argument 2 of ‘void Map::move(Pos, Dir, Pos*)’
  495 |         void move(Pos curPos, Dir dir, Pos *nextPos){
      |                               ~~~~^~~
hw1.cc:356:64: error: ‘mapObj_adj’ was not declared in this scope; did you mean ‘mapObj_adj2’?
  356 |                 if(mapObj_adj1 == '#' && mapObj_adj2 == '#' && mapObj_adj != '.'){
      |                                                                ^~~~~~~~~~
      |                                                                mapObj_adj2
hw1.cc: In member function ‘void Map::is_pushPos_unreachable(Pos, Pos)’:
hw1.cc:432:13: error: ‘queue’ was not declared in this scope; did you mean ‘std::queue’?
  432 |             queue<Pos> nextPosQueue;
      |             ^~~~~
      |             std::queue
/usr/include/c++/12.2.1/bits/stl_queue.h:96:11: note: ‘std::queue’ declared here
   96 |     class queue
      |           ^~~~~
hw1.cc:432:22: error: expected primary-expression before ‘>’ token
  432 |             queue<Pos> nextPosQueue;
      |                      ^
hw1.cc:432:24: error: ‘nextPosQueue’ was not declared in this scope
  432 |             queue<Pos> nextPosQueue;
      |                        ^~~~~~~~~~~~
hw1.cc:433:22: error: expected primary-expression before ‘>’ token
  433 |             queue<Pos> pushPosQueue;
      |                      ^
hw1.cc:433:24: error: ‘pushPosQueue’ was not declared in this scope
  433 |             queue<Pos> pushPosQueue;
      |                        ^~~~~~~~~~~~
hw1.cc:434:13: error: ‘unordered_map’ was not declared in this scope
  434 |             unordered_map<Pos, bool> vistedPos;
      |             ^~~~~~~~~~~~~
hw1.cc:434:13: note: suggested alternatives:
/usr/include/c++/12.2.1/bits/unordered_map.h:102:11: note:   ‘std::unordered_map’
  102 |     class unordered_map
      |           ^~~~~~~~~~~~~
/usr/include/c++/12.2.1/unordered_map:64:13: note:   ‘std::pmr::unordered_map’
   64 |       using unordered_map
      |             ^~~~~~~~~~~~~
hw1.cc:434:30: error: expected primary-expression before ‘,’ token
  434 |             unordered_map<Pos, bool> vistedPos;
      |                              ^
hw1.cc:434:32: error: expected primary-expression before ‘bool’
  434 |             unordered_map<Pos, bool> vistedPos;
      |                                ^~~~
hw1.cc:449:17: error: ‘vistedPos’ was not declared in this scope
  449 |                 vistedPos[curPos] = true;
      |                 ^~~~~~~~~
hw1.cc:458:17: error: ‘pushPos’ was not declared in this scope
  458 |                 pushPos = pushPosQueue.front();
      |                 ^~~~~~~
hw1.cc:461:77: error: ‘vistedPos’ was not declared in this scope
  461 |                 is_all_unreachable = is_all_unreachable && !is_pos_visited(&vistedPos, pushPos);
      |                                                                             ^~~~~~~~~
hw1.cc:465:20: error: return-statement with a value, in function returning ‘void’ [-fpermissive]
  465 |             return is_all_unreachable;
      |                    ^~~~~~~~~~~~~~~~~~
hw1.cc: In member function ‘bool Map::is_pos_visited(int)’:
hw1.cc:473:20: error: ‘vistedPos’ was not declared in this scope
  473 |             return vistedPos.find(pos) == vistedPos.end();
      |                    ^~~~~~~~~
hw1.cc:473:35: error: ‘pos’ was not declared in this scope; did you mean ‘Pos’?
  473 |             return vistedPos.find(pos) == vistedPos.end();
      |                                   ^~~
      |                                   Pos
hw1.cc: In member function ‘bool Map::add_unvisited_nextPos(char*, Pos, Dir, int)’:
hw1.cc:489:36: error: ‘vistedPos’ was not declared in this scope
  489 |                 if(!is_pos_visited(vistedPos, nextPos)){
      |                                    ^~~~~~~~~
hw1.cc:490:21: error: ‘nextPosQueue’ was not declared in this scope
  490 |                     nextPosQueue->push(nextPos);
      |                     ^~~~~~~~~~~~
hw1.cc:493:9: warning: no return statement in function returning non-void [-Wreturn-type]
  493 |         }
      |         ^
hw1.cc: In member function ‘void Map::render_boxPos(char*, int)’:
hw1.cc:528:24: error: ‘boxPos’ was not declared in this scope
  528 |                     if(boxPos[offset++] == 1) ch = 'x';
      |                        ^~~~~~
hw1.cc:531:24: error: ‘boxPos’ was not declared in this scope
  531 |                     if(boxPos[offset++] == 1) ch = 'X';
      |                        ^~~~~~
hw1.cc: At global scope:
hw1.cc:609:28: error: ‘unordered_map’ has not been declared
  609 |     void add_visited_state(unordered_map<bitset<64>, Pos> *vistedState,
      |                            ^~~~~~~~~~~~~
hw1.cc:609:41: error: expected ‘,’ or ‘...’ before ‘<’ token
  609 |     void add_visited_state(unordered_map<bitset<64>, Pos> *vistedState,
      |                                         ^
hw1.cc:623:25: error: ‘unordered_map’ has not been declared
  623 |     void insert_PosNode(unordered_map<bitset<64>, PosNode> *vistedCollidedState, State state){
      |                         ^~~~~~~~~~~~~
hw1.cc:623:38: error: expected ‘,’ or ‘...’ before ‘<’ token
  623 |     void insert_PosNode(unordered_map<bitset<64>, PosNode> *vistedCollidedState, State state){
      |                                      ^
hw1.cc:628:27: error: ‘unordered_map’ has not been declared
  628 |     bool is_state_visited(unordered_map<bitset<64>, Pos> *vistedState,
      |                           ^~~~~~~~~~~~~
hw1.cc:628:40: error: expected ‘,’ or ‘...’ before ‘<’ token
  628 |     bool is_state_visited(unordered_map<bitset<64>, Pos> *vistedState,
      |                                        ^
hw1.cc:660:36: error: ‘unordered_map’ has not been declared
  660 |     bool is_in_vistedCollidedState(unordered_map<bitset<64>, PosNode*> *vistedCollidedState,
      |                                    ^~~~~~~~~~~~~
hw1.cc:660:49: error: expected ‘,’ or ‘...’ before ‘<’ token
  660 |     bool is_in_vistedCollidedState(unordered_map<bitset<64>, PosNode*> *vistedCollidedState,
      |                                                 ^
hw1.cc:665:28: error: ‘unordered_map’ has not been declared
  665 |     bool is_in_vistedState(unordered_map<bitset<64>, Pos> *vistedState, bitset<64> boxPos){
      |                            ^~~~~~~~~~~~~
hw1.cc:665:41: error: expected ‘,’ or ‘...’ before ‘<’ token
  665 |     bool is_in_vistedState(unordered_map<bitset<64>, Pos> *vistedState, bitset<64> boxPos){
      |                                         ^
hw1.cc:680:5: error: expected ‘;’ at end of member declaration
  680 |     Map* map;
      |     ^~~
      |        ;
hw1.cc:680:10: error: ISO C++ forbids declaration of ‘map’ with no type [-fpermissive]
  680 |     Map* map;
      |          ^~~
hw1.cc: In constructor ‘Solver::Solver(char*)’:
hw1.cc:562:19: error: expected type-specifier before ‘Map’
  562 |         map = new Map(filename);
      |                   ^~~
hw1.cc:563:14: error: request for member ‘print_map’ in ‘*((Solver*)this)->Solver::map’, which is of non-class type ‘int’
  563 |         map->print_map();
      |              ^~~~~~~~~
hw1.cc:564:14: error: request for member ‘print_map_state’ in ‘*((Solver*)this)->Solver::map’, which is of non-class type ‘int’
  564 |         map->print_map_state();
      |              ^~~~~~~~~~~~~~~
hw1.cc:566:9: error: ‘nextStateQueue’ was not declared in this scope
  566 |         nextStateQueue.push(map.get_state());
      |         ^~~~~~~~~~~~~~
hw1.cc:566:33: error: request for member ‘get_state’ in ‘((Solver*)this)->Solver::map’, which is of non-class type ‘int*’
  566 |         nextStateQueue.push(map.get_state());
      |                                 ^~~~~~~~~
hw1.cc: In member function ‘void Solver::explore()’:
hw1.cc:572:9: error: ‘queue’ was not declared in this scope; did you mean ‘std::queue’?
  572 |         queue<State> nextStateQueue;
      |         ^~~~~
      |         std::queue
/usr/include/c++/12.2.1/bits/stl_queue.h:96:11: note: ‘std::queue’ declared here
   96 |     class queue
      |           ^~~~~
hw1.cc:572:20: error: expected primary-expression before ‘>’ token
  572 |         queue<State> nextStateQueue;
      |                    ^
hw1.cc:572:22: error: ‘nextStateQueue’ was not declared in this scope
  572 |         queue<State> nextStateQueue;
      |                      ^~~~~~~~~~~~~~
hw1.cc:574:9: error: ‘unordered_map’ was not declared in this scope
  574 |         unordered_map<bitset<64>, Pos> vistedState;
      |         ^~~~~~~~~~~~~
hw1.cc:574:9: note: suggested alternatives:
/usr/include/c++/12.2.1/bits/unordered_map.h:102:11: note:   ‘std::unordered_map’
  102 |     class unordered_map
      |           ^~~~~~~~~~~~~
/usr/include/c++/12.2.1/unordered_map:64:13: note:   ‘std::pmr::unordered_map’
   64 |       using unordered_map
      |             ^~~~~~~~~~~~~
hw1.cc:574:23: error: ‘bitset’ was not declared in this scope; did you mean ‘std::bitset’?
  574 |         unordered_map<bitset<64>, Pos> vistedState;
      |                       ^~~~~~
      |                       std::bitset
In file included from hw1.cc:8:
/usr/include/c++/12.2.1/bitset:751:11: note: ‘std::bitset’ declared here
  751 |     class bitset
      |           ^~~~~~
hw1.cc:574:33: error: expected primary-expression before ‘,’ token
  574 |         unordered_map<bitset<64>, Pos> vistedState;
      |                                 ^
hw1.cc:574:38: error: expected primary-expression before ‘>’ token
  574 |         unordered_map<bitset<64>, Pos> vistedState;
      |                                      ^
hw1.cc:574:40: error: ‘vistedState’ was not declared in this scope
  574 |         unordered_map<bitset<64>, Pos> vistedState;
      |                                        ^~~~~~~~~~~
hw1.cc:575:33: error: expected primary-expression before ‘,’ token
  575 |         unordered_map<bitset<64>, PosNode*> vistedCollidedState;
      |                                 ^
hw1.cc:575:42: error: expected primary-expression before ‘*’ token
  575 |         unordered_map<bitset<64>, PosNode*> vistedCollidedState;
      |                                          ^
hw1.cc:575:43: error: expected primary-expression before ‘>’ token
  575 |         unordered_map<bitset<64>, PosNode*> vistedCollidedState;
      |                                           ^
hw1.cc:575:45: error: ‘vistedCollidedState’ was not declared in this scope; did you mean ‘is_in_vistedCollidedState’?
  575 |         unordered_map<bitset<64>, PosNode*> vistedCollidedState;
      |                                             ^~~~~~~~~~~~~~~~~~~
      |                                             is_in_vistedCollidedState
hw1.cc:578:9: error: ‘list’ was not declared in this scope
  578 |         list<Action> action_list;
      |         ^~~~
hw1.cc:578:9: note: suggested alternatives:
In file included from /usr/include/c++/12.2.1/list:63,
                 from hw1.cc:10:
/usr/include/c++/12.2.1/bits/stl_list.h:632:11: note:   ‘std::__cxx11::list’
  632 |     class list : protected _List_base<_Tp, _Alloc>
      |           ^~~~
/usr/include/c++/12.2.1/list:78:13: note:   ‘std::pmr::list’
   78 |       using list = std::list<_Tp, polymorphic_allocator<_Tp>>;
      |             ^~~~
hw1.cc:578:20: error: expected primary-expression before ‘>’ token
  578 |         list<Action> action_list;
      |                    ^
hw1.cc:578:22: error: ‘action_list’ was not declared in this scope
  578 |         list<Action> action_list;
      |                      ^~~~~~~~~~~
hw1.cc:589:13: error: ‘get_available_actions’ was not declared in this scope
  589 |             get_available_actions(state, &action_list);
      |             ^~~~~~~~~~~~~~~~~~~~~
hw1.cc:593:22: error: request for member ‘act’ in ‘*((Solver*)this)->Solver::map’, which is of non-class type ‘int’
  593 |                 map->act(&nextState, action_list.front());
      |                      ^~~
hw1.cc: In member function ‘void Solver::add_visited_state(int)’:
hw1.cc:613:19: error: ‘state’ was not declared in this scope; did you mean ‘State’?
  613 |         pos.row = state.row;
      |                   ^~~~~
      |                   State
hw1.cc:616:12: error: ‘vistedState’ was not declared in this scope
  616 |         if(vistedState->find(state.boxPos) == vistedState->end()){ // not inside.
      |            ^~~~~~~~~~~
hw1.cc:619:29: error: ‘vistedCollidedState’ was not declared in this scope; did you mean ‘is_in_vistedCollidedState’?
  619 |             insert_PosNode(&vistedCollidedState, state);
      |                             ^~~~~~~~~~~~~~~~~~~
      |                             is_in_vistedCollidedState
hw1.cc: In member function ‘bool Solver::is_state_visited(int)’:
hw1.cc:632:32: error: ‘vistedState’ was not declared in this scope
  632 |         if(!is_in_vistedState(&vistedState, state.boxPos)){return false;}
      |                                ^~~~~~~~~~~
hw1.cc:632:45: error: ‘state’ was not declared in this scope; did you mean ‘State’?
  632 |         if(!is_in_vistedState(&vistedState, state.boxPos)){return false;}
      |                                             ^~~~~
      |                                             State
hw1.cc:635:28: error: ‘vistedState’ was not declared in this scope
  635 |         Pos visitedPos = (*vistedState)[state.boxPos];
      |                            ^~~~~~~~~~~
hw1.cc:635:41: error: ‘state’ was not declared in this scope; did you mean ‘State’?
  635 |         Pos visitedPos = (*vistedState)[state.boxPos];
      |                                         ^~~~~
      |                                         State
hw1.cc:636:52: error: cannot convert ‘<brace-enclosed initializer list>’ to ‘unsigned char’ in initialization
  636 |         Pos curPos{.row{state.row}, .col{state.col}};
      |                                                    ^
hw1.cc:641:17: error: request for member ‘is_reachable’ in ‘*((Solver*)this)->Solver::map’, which is of non-class type ‘int’
  641 |         if(map->is_reachable(state, curPos, visitedPos)){return true;}
      |                 ^~~~~~~~~~~~
hw1.cc:645:40: error: ‘vistedCollidedState’ was not declared in this scope; did you mean ‘is_in_vistedCollidedState’?
  645 |         if(!is_in_vistedCollidedState(&vistedCollidedState, state.boxPos)){return false;}
      |                                        ^~~~~~~~~~~~~~~~~~~
      |                                        is_in_vistedCollidedState
hw1.cc:650:26: error: ‘vistedCollidedState’ was not declared in this scope; did you mean ‘is_in_vistedCollidedState’?
  650 |         PosNode *cur = (*vistedCollidedState)[state.boxPos];
      |                          ^~~~~~~~~~~~~~~~~~~
      |                          is_in_vistedCollidedState
hw1.cc:651:25: error: ‘prev’ was not declared in this scope; did you mean ‘std::prev’?
  651 |         PosNode *next = prev->next;
      |                         ^~~~
      |                         std::prev
In file included from /usr/include/c++/12.2.1/string:46,
                 from /usr/include/c++/12.2.1/bits/locale_classes.h:40,
                 from /usr/include/c++/12.2.1/bits/ios_base.h:41,
                 from /usr/include/c++/12.2.1/ios:42,
                 from /usr/include/c++/12.2.1/ostream:38,
                 from /usr/include/c++/12.2.1/iostream:39,
                 from hw1.cc:5:
/usr/include/c++/12.2.1/bits/stl_iterator_base_funcs.h:242:5: note: ‘std::prev’ declared here
  242 |     prev(_BidirectionalIterator __x, typename
      |     ^~~~
hw1.cc:655:22: error: request for member ‘is_reachable’ in ‘*((Solver*)this)->Solver::map’, which is of non-class type ‘int’
  655 |             if(!map->is_reachable(state, curPos, visitedPos)){return false;}
      |                      ^~~~~~~~~~~~
hw1.cc: In member function ‘bool Solver::is_in_vistedCollidedState(int)’:
hw1.cc:662:18: error: ‘vistedCollidedState’ was not declared in this scope; did you mean ‘is_in_vistedCollidedState’?
  662 |         return !(vistedCollidedState->find(boxPos) == vistedCollidedState->end());
      |                  ^~~~~~~~~~~~~~~~~~~
      |                  is_in_vistedCollidedState
hw1.cc:662:44: error: ‘boxPos’ was not declared in this scope
  662 |         return !(vistedCollidedState->find(boxPos) == vistedCollidedState->end());
      |                                            ^~~~~~
hw1.cc: In member function ‘bool Solver::is_in_vistedState(int)’:
hw1.cc:666:18: error: ‘vistedState’ was not declared in this scope
  666 |         return !(vistedState->find(boxPos) == vistedState->end());
      |                  ^~~~~~~~~~~
hw1.cc:666:36: error: ‘boxPos’ was not declared in this scope
  666 |         return !(vistedState->find(boxPos) == vistedState->end());
      |                                    ^~~~~~
make: *** [<builtin>: hw1] Error 1
